host: matthews-mbp.ad.umassmed.edu
Building DAG of jobs...
Using shell: /bin/bash
Provided cores: 1 (use --cores to define parallelism)
Rules claiming more threads will be scaled down.
Job stats:
job               count
--------------  -------
sketch_genomes        1
total                 1

Select jobs to execute...
Execute 1 jobs...

[Tue May 13 16:55:32 2025]
localrule sketch_genomes:
    jobid: 0
    reason: Rules with neither input nor output files are always executed.
    resources: tmpdir=/var/folders/kc/w380xwcx35gdssqhfzgrzm9m0000gn/T

[Tue May 13 16:55:32 2025]
Error in rule sketch_genomes:
    jobid: 0
    shell:
         
		sourmatch sketch dna -p k=31 genomes/*.fna.gz --name-from-first
	
        (one of the commands exited with non-zero exit code; note that snakemake uses bash strict mode!)

Shutting down, this might take some time.
Exiting because a job execution failed. Look above for error message
Complete log: .snakemake/log/2025-05-13T165532.402000.snakemake.log
WorkflowError:
At least one job did not complete successfully.
