host: matthews-mbp.ad.umassmed.edu
Building DAG of jobs...
Using shell: /bin/bash
Provided cores: 1 (use --cores to define parallelism)
Rules claiming more threads will be scaled down.
Job stats:
job               count
--------------  -------
sketch_genome1        1
total                 1

Select jobs to execute...
Execute 1 jobs...

[Tue May 13 18:57:53 2025]
localrule sketch_genome1:
    input: genomes/GCF_000017325.1.fna.gz
    output: GCF_000017325.1.fna.gz.sig
    jobid: 0
    reason: Set of input files has changed since last execution; Code has changed since last execution
    resources: tmpdir=/var/folders/kc/w380xwcx35gdssqhfzgrzm9m0000gn/T

[Tue May 13 18:57:58 2025]
Finished job 0.
1 of 1 steps (100%) done
Complete log: .snakemake/log/2025-05-13T185753.522493.snakemake.log
