host: matthews-mbp.ad.umassmed.edu
Building DAG of jobs...
Using shell: /bin/bash
Provided cores: 3
Rules claiming more threads will be scaled down.
Job stats:
job                count
---------------  -------
compare_genomes        1
plot_comparison        1
sketch_genome1         1
sketch_genome2         1
sketch_genome3         1
total                  5

Select jobs to execute...
Execute 3 jobs...

[Tue May 13 19:21:17 2025]
localrule sketch_genome2:
    input: genomes/GCF_000020225.1.fna.gz
    output: GCF_000020225.1.fna.gz.sig
    jobid: 3
    reason: Missing output files: GCF_000020225.1.fna.gz.sig; Set of input files has changed since last execution; Code has changed since last execution
    resources: tmpdir=/var/folders/kc/w380xwcx35gdssqhfzgrzm9m0000gn/T


[Tue May 13 19:21:17 2025]
localrule sketch_genome3:
    input: genomes/GCF_000021665.1.fna.gz
    output: GCF_000021665.1.fna.gz.sig
    jobid: 4
    reason: Missing output files: GCF_000021665.1.fna.gz.sig; Set of input files has changed since last execution; Code has changed since last execution
    resources: tmpdir=/var/folders/kc/w380xwcx35gdssqhfzgrzm9m0000gn/T


[Tue May 13 19:21:17 2025]
localrule sketch_genome1:
    input: genomes/GCF_000017325.1.fna.gz
    output: GCF_000017325.1.fna.gz.sig
    jobid: 2
    reason: Missing output files: GCF_000017325.1.fna.gz.sig
    resources: tmpdir=/var/folders/kc/w380xwcx35gdssqhfzgrzm9m0000gn/T

[Tue May 13 19:21:18 2025]
Finished job 3.
1 of 5 steps (20%) done
[Tue May 13 19:21:18 2025]
Finished job 4.
2 of 5 steps (40%) done
[Tue May 13 19:21:18 2025]
Finished job 2.
3 of 5 steps (60%) done
Select jobs to execute...
Execute 1 jobs...

[Tue May 13 19:21:18 2025]
localrule compare_genomes:
    input: GCF_000017325.1.fna.gz.sig, GCF_000020225.1.fna.gz.sig, GCF_000021665.1.fna.gz.sig
    output: compare.mat
    jobid: 1
    reason: Missing output files: compare.mat; Input files updated by another job: GCF_000017325.1.fna.gz.sig, GCF_000021665.1.fna.gz.sig, GCF_000020225.1.fna.gz.sig
    resources: tmpdir=/var/folders/kc/w380xwcx35gdssqhfzgrzm9m0000gn/T

[Tue May 13 19:21:18 2025]
Finished job 1.
4 of 5 steps (80%) done
Select jobs to execute...
Execute 1 jobs...

[Tue May 13 19:21:18 2025]
Job 0: compare all input genomes using sourmash
Reason: Input files updated by another job: compare.mat

[Tue May 13 19:21:20 2025]
Finished job 0.
5 of 5 steps (100%) done
Complete log: .snakemake/log/2025-05-13T192115.930656.snakemake.log
